[2026-03-06T22:43:47.087860] Inicio principal.py
[2026-03-06T22:43:47.441752] Imports OK
[2026-03-06T22:43:47.442100] Simulacion creada, llamando ejecutar_bucle_principal
[2026-03-06T22:43:47.780783] Ventana creada 1060x750
[2026-03-06T22:43:47.782201] Ventana forzada al frente OK
[2026-03-06T22:44:24.239451] Ventana creada 1060x750
[2026-03-06T22:44:24.260873] Ventana creada 1060x750
[2026-03-06T22:44:24.264220] Ventana creada 1060x750
[2026-03-06T22:44:24.267976] Ventana creada 1060x750
[2026-03-06T22:44:24.271846] Ventana creada 1060x750
[2026-03-06T22:44:24.275700] Ventana creada 1060x750
[2026-03-06T22:44:24.281155] Ventana creada 1060x750
[2026-03-06T22:44:30.218686] Bucle finalizado (usuario cerro)
[2026-03-06T22:44:30.220109] main() termino OK
[2026-03-06T23:04:08.848714] Ventana creada 1060x750
[2026-03-06T23:06:07.240282] Ventana creada 1060x750
[2026-03-06T23:07:56.944118] Ventana creada 1060x750
[2026-03-06T23:08:23.485095] SDL_VIDEODRIVER dummy eliminado
[2026-03-06T23:08:23.485584] Inicio principal.py
[2026-03-06T23:08:23.841055] Imports OK
[2026-03-06T23:08:23.841488] Simulacion creada, llamando ejecutar_bucle_principal
[2026-03-06T23:08:24.169480] Ventana creada 1060x750
[2026-03-06T23:08:24.171043] Ventana forzada al frente OK
[2026-03-06T23:09:29.666320] Ventana creada 1060x750
[2026-03-06T23:09:34.081513] Bucle finalizado (usuario cerro)
[2026-03-06T23:09:34.082821] main() termino OK
[2026-03-06T23:12:23.756278] Ventana creada 1060x750
[2026-03-06T23:13:26.765952] Ventana creada 1060x750
[2026-03-06T23:16:50.778283] Ventana creada 1060x750
[2026-03-06T23:19:07.250351] Ventana creada 1060x750
[2026-03-06T23:23:18.914956] Ventana creada 1060x750
[2026-03-06T23:27:15.727609] Ventana creada 1060x750
[2026-03-06T23:27:33.668189] Ventana creada 1060x750
[2026-03-06T23:27:33.702958] Ventana creada 1060x750
[2026-03-06T23:27:33.709595] Ventana creada 1060x750
[2026-03-06T23:27:33.716588] Ventana creada 1060x750
[2026-03-06T23:27:33.724164] Ventana creada 1060x750
[2026-03-06T23:27:33.730502] Ventana creada 1060x750
[2026-03-06T23:27:33.738891] Ventana creada 1060x750
[2026-03-06T23:36:46.591862] Ventana creada 1060x750
[2026-03-06T23:36:46.619601] Ventana creada 1060x750
[2026-03-06T23:36:46.625881] Ventana creada 1060x750
[2026-03-06T23:36:46.630602] Ventana creada 1060x750
[2026-03-06T23:36:46.636907] Ventana creada 1060x750
[2026-03-06T23:36:46.641827] Ventana creada 1060x750
[2026-03-06T23:36:46.658003] Ventana creada 1060x750
